[2024-12-05T07:28:05.204+0000] {local_task_job_runner.py:123} INFO - ::group::Pre task execution logs
[2024-12-05T07:28:05.351+0000] {taskinstance.py:2613} INFO - Dependencies all met for dep_context=non-requeueable deps ti=<TaskInstance: openweathermap_weather_dag.is_api_available manual__2024-12-05T07:28:03.489437+00:00 [queued]>
[2024-12-05T07:28:05.358+0000] {taskinstance.py:2613} INFO - Dependencies all met for dep_context=requeueable deps ti=<TaskInstance: openweathermap_weather_dag.is_api_available manual__2024-12-05T07:28:03.489437+00:00 [queued]>
[2024-12-05T07:28:05.358+0000] {taskinstance.py:2866} INFO - Starting attempt 1 of 3
[2024-12-05T07:28:05.371+0000] {taskinstance.py:2889} INFO - Executing <Task(HttpSensor): is_api_available> on 2024-12-05 07:28:03.489437+00:00
[2024-12-05T07:28:05.381+0000] {warnings.py:112} WARNING - /home/***/.local/lib/python3.12/site-packages/***/task/task_runner/standard_task_runner.py:70: DeprecationWarning: This process (pid=67) is multi-threaded, use of fork() may lead to deadlocks in the child.
  pid = os.fork()

[2024-12-05T07:28:05.382+0000] {standard_task_runner.py:72} INFO - Started process 69 to run task
[2024-12-05T07:28:05.382+0000] {standard_task_runner.py:104} INFO - Running: ['***', 'tasks', 'run', 'openweathermap_weather_dag', 'is_api_available', 'manual__2024-12-05T07:28:03.489437+00:00', '--job-id', '102', '--raw', '--subdir', 'DAGS_FOLDER/dag_weather.py', '--cfg-path', '/tmp/tmptqycdscx']
[2024-12-05T07:28:05.383+0000] {standard_task_runner.py:105} INFO - Job 102: Subtask is_api_available
[2024-12-05T07:28:05.420+0000] {task_command.py:467} INFO - Running <TaskInstance: openweathermap_weather_dag.is_api_available manual__2024-12-05T07:28:03.489437+00:00 [running]> on host 1a65a97777f0
[2024-12-05T07:28:05.515+0000] {taskinstance.py:3132} INFO - Exporting env vars: AIRFLOW_CTX_DAG_OWNER='***' AIRFLOW_CTX_DAG_ID='openweathermap_weather_dag' AIRFLOW_CTX_TASK_ID='is_api_available' AIRFLOW_CTX_EXECUTION_DATE='2024-12-05T07:28:03.489437+00:00' AIRFLOW_CTX_TRY_NUMBER='1' AIRFLOW_CTX_DAG_RUN_ID='manual__2024-12-05T07:28:03.489437+00:00'
[2024-12-05T07:28:05.517+0000] {logging_mixin.py:190} INFO - Task instance is in running state
[2024-12-05T07:28:05.517+0000] {logging_mixin.py:190} INFO -  Previous state of the Task instance: queued
[2024-12-05T07:28:05.517+0000] {logging_mixin.py:190} INFO - Current task name:is_api_available state:running start_date:2024-12-05 07:28:05.351478+00:00
[2024-12-05T07:28:05.517+0000] {logging_mixin.py:190} INFO - Dag name:openweathermap_weather_dag and current dag run status:running
[2024-12-05T07:28:05.518+0000] {taskinstance.py:731} INFO - ::endgroup::
[2024-12-05T07:28:05.518+0000] {baseoperator.py:416} WARNING - HttpSensor.execute cannot be called outside TaskInstance!
[2024-12-05T07:28:05.518+0000] {http.py:137} INFO - Poking: /data/2.5/weather
[2024-12-05T07:28:05.527+0000] {base.py:84} INFO - Retrieving connection 'openweathermap_api'
[2024-12-05T07:28:06.210+0000] {base.py:336} INFO - Success criteria met. Exiting.
[2024-12-05T07:28:06.218+0000] {taskinstance.py:340} INFO - ::group::Post task execution logs
[2024-12-05T07:28:06.218+0000] {taskinstance.py:352} INFO - Marking task as SUCCESS. dag_id=openweathermap_weather_dag, task_id=is_api_available, run_id=manual__2024-12-05T07:28:03.489437+00:00, execution_date=20241205T072803, start_date=20241205T072805, end_date=20241205T072806
[2024-12-05T07:28:06.224+0000] {logging_mixin.py:190} INFO - Task instance in success state
[2024-12-05T07:28:06.225+0000] {logging_mixin.py:190} INFO -  Previous state of the Task instance: running
[2024-12-05T07:28:06.225+0000] {logging_mixin.py:190} INFO - Dag name:openweathermap_weather_dag queued_at:2024-12-05 07:28:03.501793+00:00
[2024-12-05T07:28:06.225+0000] {logging_mixin.py:190} INFO - Task hostname:1a65a97777f0 operator:HttpSensor
[2024-12-05T07:28:06.237+0000] {local_task_job_runner.py:266} INFO - Task exited with return code 0
[2024-12-05T07:28:06.272+0000] {taskinstance.py:3895} INFO - 5 downstream tasks scheduled from follow-on schedule check
[2024-12-05T07:28:06.273+0000] {local_task_job_runner.py:245} INFO - ::endgroup::
