[2024-12-05T07:23:27.683+0000] {local_task_job_runner.py:123} INFO - ::group::Pre task execution logs
[2024-12-05T07:23:27.868+0000] {taskinstance.py:2613} INFO - Dependencies all met for dep_context=non-requeueable deps ti=<TaskInstance: openweathermap_weather_dag.extract_weather_medan manual__2024-12-05T07:23:22.548879+00:00 [queued]>
[2024-12-05T07:23:27.878+0000] {taskinstance.py:2613} INFO - Dependencies all met for dep_context=requeueable deps ti=<TaskInstance: openweathermap_weather_dag.extract_weather_medan manual__2024-12-05T07:23:22.548879+00:00 [queued]>
[2024-12-05T07:23:27.878+0000] {taskinstance.py:2866} INFO - Starting attempt 1 of 3
[2024-12-05T07:23:27.891+0000] {taskinstance.py:2889} INFO - Executing <Task(SimpleHttpOperator): extract_weather_medan> on 2024-12-05 07:23:22.548879+00:00
[2024-12-05T07:23:27.899+0000] {warnings.py:112} WARNING - /home/***/.local/lib/python3.12/site-packages/***/task/task_runner/standard_task_runner.py:70: DeprecationWarning: This process (pid=74) is multi-threaded, use of fork() may lead to deadlocks in the child.
  pid = os.fork()

[2024-12-05T07:23:27.901+0000] {standard_task_runner.py:72} INFO - Started process 87 to run task
[2024-12-05T07:23:27.901+0000] {standard_task_runner.py:104} INFO - Running: ['***', 'tasks', 'run', 'openweathermap_weather_dag', 'extract_weather_medan', 'manual__2024-12-05T07:23:22.548879+00:00', '--job-id', '97', '--raw', '--subdir', 'DAGS_FOLDER/dag_weather.py', '--cfg-path', '/tmp/tmpr4s79m3z']
[2024-12-05T07:23:27.902+0000] {standard_task_runner.py:105} INFO - Job 97: Subtask extract_weather_medan
[2024-12-05T07:23:27.953+0000] {task_command.py:467} INFO - Running <TaskInstance: openweathermap_weather_dag.extract_weather_medan manual__2024-12-05T07:23:22.548879+00:00 [running]> on host 1a65a97777f0
[2024-12-05T07:23:28.051+0000] {taskinstance.py:3132} INFO - Exporting env vars: AIRFLOW_CTX_DAG_OWNER='***' AIRFLOW_CTX_DAG_ID='openweathermap_weather_dag' AIRFLOW_CTX_TASK_ID='extract_weather_medan' AIRFLOW_CTX_EXECUTION_DATE='2024-12-05T07:23:22.548879+00:00' AIRFLOW_CTX_TRY_NUMBER='1' AIRFLOW_CTX_DAG_RUN_ID='manual__2024-12-05T07:23:22.548879+00:00'
[2024-12-05T07:23:28.052+0000] {logging_mixin.py:190} INFO - Task instance is in running state
[2024-12-05T07:23:28.052+0000] {logging_mixin.py:190} INFO -  Previous state of the Task instance: queued
[2024-12-05T07:23:28.052+0000] {logging_mixin.py:190} INFO - Current task name:extract_weather_medan state:running start_date:2024-12-05 07:23:27.869109+00:00
[2024-12-05T07:23:28.052+0000] {logging_mixin.py:190} INFO - Dag name:openweathermap_weather_dag and current dag run status:running
[2024-12-05T07:23:28.052+0000] {taskinstance.py:731} INFO - ::endgroup::
[2024-12-05T07:23:28.053+0000] {http.py:173} INFO - Calling HTTP method
[2024-12-05T07:23:28.058+0000] {base.py:84} INFO - Retrieving connection 'openweathermap_api'
[2024-12-05T07:23:28.063+0000] {base.py:84} INFO - Retrieving connection 'openweathermap_api'
[2024-12-05T07:23:28.791+0000] {http.py:222} INFO - {"coord":{"lon":98.6667,"lat":3.5833},"weather":[{"id":804,"main":"Clouds","description":"overcast clouds","icon":"04d"}],"base":"stations","main":{"temp":32.25,"feels_like":35.61,"temp_min":32.25,"temp_max":32.25,"pressure":1006,"humidity":53,"sea_level":1006,"grnd_level":1001},"visibility":10000,"wind":{"speed":2.51,"deg":6,"gust":3.54},"clouds":{"all":96},"dt":1733382744,"sys":{"country":"ID","sunrise":1733354308,"sunset":1733397230},"timezone":25200,"id":1214520,"name":"Medan","cod":200}
[2024-12-05T07:23:28.813+0000] {taskinstance.py:340} INFO - ::group::Post task execution logs
[2024-12-05T07:23:28.813+0000] {taskinstance.py:352} INFO - Marking task as SUCCESS. dag_id=openweathermap_weather_dag, task_id=extract_weather_medan, run_id=manual__2024-12-05T07:23:22.548879+00:00, execution_date=20241205T072322, start_date=20241205T072327, end_date=20241205T072328
[2024-12-05T07:23:28.820+0000] {logging_mixin.py:190} INFO - Task instance in success state
[2024-12-05T07:23:28.820+0000] {logging_mixin.py:190} INFO -  Previous state of the Task instance: running
[2024-12-05T07:23:28.820+0000] {logging_mixin.py:190} INFO - Dag name:openweathermap_weather_dag queued_at:2024-12-05 07:23:22.557725+00:00
[2024-12-05T07:23:28.821+0000] {logging_mixin.py:190} INFO - Task hostname:1a65a97777f0 operator:SimpleHttpOperator
[2024-12-05T07:23:28.841+0000] {local_task_job_runner.py:266} INFO - Task exited with return code 0
[2024-12-05T07:23:28.850+0000] {local_task_job_runner.py:245} INFO - ::endgroup::
