[2024-12-05T06:22:59.942+0000] {local_task_job_runner.py:123} INFO - ::group::Pre task execution logs
[2024-12-05T06:23:00.264+0000] {taskinstance.py:2613} INFO - Dependencies all met for dep_context=non-requeueable deps ti=<TaskInstance: openweathermap_weather_dag.extract_weather_semarang manual__2024-12-05T06:22:48.999819+00:00 [queued]>
[2024-12-05T06:23:00.353+0000] {taskinstance.py:2613} INFO - Dependencies all met for dep_context=requeueable deps ti=<TaskInstance: openweathermap_weather_dag.extract_weather_semarang manual__2024-12-05T06:22:48.999819+00:00 [queued]>
[2024-12-05T06:23:00.356+0000] {taskinstance.py:2866} INFO - Starting attempt 1 of 3
[2024-12-05T06:23:00.422+0000] {taskinstance.py:2889} INFO - Executing <Task(SimpleHttpOperator): extract_weather_semarang> on 2024-12-05 06:22:48.999819+00:00
[2024-12-05T06:23:00.452+0000] {warnings.py:112} WARNING - /home/***/.local/lib/python3.12/site-packages/***/task/task_runner/standard_task_runner.py:70: DeprecationWarning: This process (pid=97) is multi-threaded, use of fork() may lead to deadlocks in the child.
  pid = os.fork()

[2024-12-05T06:23:00.456+0000] {standard_task_runner.py:72} INFO - Started process 103 to run task
[2024-12-05T06:23:00.464+0000] {standard_task_runner.py:104} INFO - Running: ['***', 'tasks', 'run', 'openweathermap_weather_dag', 'extract_weather_semarang', 'manual__2024-12-05T06:22:48.999819+00:00', '--job-id', '45', '--raw', '--subdir', 'DAGS_FOLDER/dag_weather.py', '--cfg-path', '/tmp/tmprbg_0ejr']
[2024-12-05T06:23:00.467+0000] {standard_task_runner.py:105} INFO - Job 45: Subtask extract_weather_semarang
[2024-12-05T06:23:00.653+0000] {task_command.py:467} INFO - Running <TaskInstance: openweathermap_weather_dag.extract_weather_semarang manual__2024-12-05T06:22:48.999819+00:00 [running]> on host 1a65a97777f0
[2024-12-05T06:23:00.943+0000] {taskinstance.py:3132} INFO - Exporting env vars: AIRFLOW_CTX_DAG_OWNER='***' AIRFLOW_CTX_DAG_ID='openweathermap_weather_dag' AIRFLOW_CTX_TASK_ID='extract_weather_semarang' AIRFLOW_CTX_EXECUTION_DATE='2024-12-05T06:22:48.999819+00:00' AIRFLOW_CTX_TRY_NUMBER='1' AIRFLOW_CTX_DAG_RUN_ID='manual__2024-12-05T06:22:48.999819+00:00'
[2024-12-05T06:23:00.946+0000] {logging_mixin.py:190} INFO - Task instance is in running state
[2024-12-05T06:23:00.947+0000] {logging_mixin.py:190} INFO -  Previous state of the Task instance: queued
[2024-12-05T06:23:00.947+0000] {logging_mixin.py:190} INFO - Current task name:extract_weather_semarang state:running start_date:2024-12-05 06:23:00.265557+00:00
[2024-12-05T06:23:00.949+0000] {logging_mixin.py:190} INFO - Dag name:openweathermap_weather_dag and current dag run status:running
[2024-12-05T06:23:00.950+0000] {taskinstance.py:731} INFO - ::endgroup::
[2024-12-05T06:23:00.951+0000] {http.py:173} INFO - Calling HTTP method
[2024-12-05T06:23:00.976+0000] {base.py:84} INFO - Retrieving connection 'openweathermap_api'
[2024-12-05T06:23:01.003+0000] {base.py:84} INFO - Retrieving connection 'openweathermap_api'
[2024-12-05T06:23:01.285+0000] {http.py:222} INFO - {"coord":{"lon":110.4203,"lat":-6.9932},"weather":[{"id":802,"main":"Clouds","description":"scattered clouds","icon":"03d"}],"base":"stations","main":{"temp":30.96,"feels_like":37.49,"temp_min":30.96,"temp_max":33.09,"pressure":1005,"humidity":70,"sea_level":1005,"grnd_level":995},"visibility":9000,"wind":{"speed":3.6,"deg":330},"clouds":{"all":40},"dt":1733379521,"sys":{"type":1,"id":9362,"country":"ID","sunrise":1733350435,"sunset":1733395460},"timezone":25200,"id":1627896,"name":"Semarang","cod":200}
[2024-12-05T06:23:01.333+0000] {taskinstance.py:340} INFO - ::group::Post task execution logs
[2024-12-05T06:23:01.334+0000] {taskinstance.py:352} INFO - Marking task as SUCCESS. dag_id=openweathermap_weather_dag, task_id=extract_weather_semarang, run_id=manual__2024-12-05T06:22:48.999819+00:00, execution_date=20241205T062248, start_date=20241205T062300, end_date=20241205T062301
[2024-12-05T06:23:01.357+0000] {logging_mixin.py:190} INFO - Task instance in success state
[2024-12-05T06:23:01.357+0000] {logging_mixin.py:190} INFO -  Previous state of the Task instance: running
[2024-12-05T06:23:01.358+0000] {logging_mixin.py:190} INFO - Dag name:openweathermap_weather_dag queued_at:2024-12-05 06:22:49.031696+00:00
[2024-12-05T06:23:01.358+0000] {logging_mixin.py:190} INFO - Task hostname:1a65a97777f0 operator:SimpleHttpOperator
[2024-12-05T06:23:01.382+0000] {local_task_job_runner.py:266} INFO - Task exited with return code 0
[2024-12-05T06:23:01.433+0000] {taskinstance.py:3895} INFO - 0 downstream tasks scheduled from follow-on schedule check
[2024-12-05T06:23:01.435+0000] {local_task_job_runner.py:245} INFO - ::endgroup::
