[2024-12-05T08:13:16.523+0000] {local_task_job_runner.py:123} INFO - ::group::Pre task execution logs
[2024-12-05T08:13:16.557+0000] {taskinstance.py:2613} INFO - Dependencies all met for dep_context=non-requeueable deps ti=<TaskInstance: openweathermap_weather_dag.extract_weather_surabaya manual__2024-12-05T08:13:09.377040+00:00 [queued]>
[2024-12-05T08:13:16.738+0000] {taskinstance.py:2613} INFO - Dependencies all met for dep_context=requeueable deps ti=<TaskInstance: openweathermap_weather_dag.extract_weather_surabaya manual__2024-12-05T08:13:09.377040+00:00 [queued]>
[2024-12-05T08:13:16.739+0000] {taskinstance.py:2866} INFO - Starting attempt 1 of 3
[2024-12-05T08:13:16.769+0000] {taskinstance.py:2889} INFO - Executing <Task(SimpleHttpOperator): extract_weather_surabaya> on 2024-12-05 08:13:09.377040+00:00
[2024-12-05T08:13:16.783+0000] {warnings.py:112} WARNING - /home/***/.local/lib/python3.12/site-packages/***/task/task_runner/standard_task_runner.py:70: DeprecationWarning: This process (pid=216) is multi-threaded, use of fork() may lead to deadlocks in the child.
  pid = os.fork()

[2024-12-05T08:13:16.786+0000] {standard_task_runner.py:72} INFO - Started process 226 to run task
[2024-12-05T08:13:16.790+0000] {standard_task_runner.py:104} INFO - Running: ['***', 'tasks', 'run', 'openweathermap_weather_dag', 'extract_weather_surabaya', 'manual__2024-12-05T08:13:09.377040+00:00', '--job-id', '146', '--raw', '--subdir', 'DAGS_FOLDER/dag_weather.py', '--cfg-path', '/tmp/tmp7i7bbvvo']
[2024-12-05T08:13:16.791+0000] {standard_task_runner.py:105} INFO - Job 146: Subtask extract_weather_surabaya
[2024-12-05T08:13:16.868+0000] {task_command.py:467} INFO - Running <TaskInstance: openweathermap_weather_dag.extract_weather_surabaya manual__2024-12-05T08:13:09.377040+00:00 [running]> on host 96da24d672b1
[2024-12-05T08:13:17.022+0000] {taskinstance.py:3132} INFO - Exporting env vars: AIRFLOW_CTX_DAG_OWNER='***' AIRFLOW_CTX_DAG_ID='openweathermap_weather_dag' AIRFLOW_CTX_TASK_ID='extract_weather_surabaya' AIRFLOW_CTX_EXECUTION_DATE='2024-12-05T08:13:09.377040+00:00' AIRFLOW_CTX_TRY_NUMBER='1' AIRFLOW_CTX_DAG_RUN_ID='manual__2024-12-05T08:13:09.377040+00:00'
[2024-12-05T08:13:17.027+0000] {logging_mixin.py:190} INFO - Task instance is in running state
[2024-12-05T08:13:17.027+0000] {logging_mixin.py:190} INFO -  Previous state of the Task instance: queued
[2024-12-05T08:13:17.027+0000] {logging_mixin.py:190} INFO - Current task name:extract_weather_surabaya state:running start_date:2024-12-05 08:13:16.557781+00:00
[2024-12-05T08:13:17.028+0000] {logging_mixin.py:190} INFO - Dag name:openweathermap_weather_dag and current dag run status:running
[2024-12-05T08:13:17.028+0000] {taskinstance.py:731} INFO - ::endgroup::
[2024-12-05T08:13:17.028+0000] {http.py:173} INFO - Calling HTTP method
[2024-12-05T08:13:17.046+0000] {base.py:84} INFO - Retrieving connection 'openweathermap_api'
[2024-12-05T08:13:17.056+0000] {base.py:84} INFO - Retrieving connection 'openweathermap_api'
[2024-12-05T08:13:17.415+0000] {http.py:222} INFO - {"coord":{"lon":112.7508,"lat":-7.2492},"weather":[{"id":501,"main":"Rain","description":"moderate rain","icon":"10d"}],"base":"stations","main":{"temp":31.68,"feels_like":38.68,"temp_min":31.68,"temp_max":31.97,"pressure":1004,"humidity":73,"sea_level":1004,"grnd_level":1003},"visibility":10000,"wind":{"speed":5.66,"deg":10},"rain":{"1h":2.37},"clouds":{"all":20},"dt":1733386280,"sys":{"type":2,"id":2081990,"country":"ID","sunrise":1733349850,"sunset":1733394926},"timezone":25200,"id":1625822,"name":"Surabaya","cod":200}
[2024-12-05T08:13:17.440+0000] {taskinstance.py:340} INFO - ::group::Post task execution logs
[2024-12-05T08:13:17.441+0000] {taskinstance.py:352} INFO - Marking task as SUCCESS. dag_id=openweathermap_weather_dag, task_id=extract_weather_surabaya, run_id=manual__2024-12-05T08:13:09.377040+00:00, execution_date=20241205T081309, start_date=20241205T081316, end_date=20241205T081317
[2024-12-05T08:13:17.452+0000] {logging_mixin.py:190} INFO - Task instance in success state
[2024-12-05T08:13:17.452+0000] {logging_mixin.py:190} INFO -  Previous state of the Task instance: running
[2024-12-05T08:13:17.452+0000] {logging_mixin.py:190} INFO - Dag name:openweathermap_weather_dag queued_at:2024-12-05 08:13:09.407927+00:00
[2024-12-05T08:13:17.453+0000] {logging_mixin.py:190} INFO - Task hostname:96da24d672b1 operator:SimpleHttpOperator
[2024-12-05T08:13:17.497+0000] {local_task_job_runner.py:266} INFO - Task exited with return code 0
[2024-12-05T08:13:17.525+0000] {taskinstance.py:3895} INFO - 0 downstream tasks scheduled from follow-on schedule check
[2024-12-05T08:13:17.526+0000] {local_task_job_runner.py:245} INFO - ::endgroup::
