[2024-12-05T08:13:16.907+0000] {local_task_job_runner.py:123} INFO - ::group::Pre task execution logs
[2024-12-05T08:13:17.102+0000] {taskinstance.py:2613} INFO - Dependencies all met for dep_context=non-requeueable deps ti=<TaskInstance: openweathermap_weather_dag.extract_weather_medan manual__2024-12-05T08:13:09.377040+00:00 [queued]>
[2024-12-05T08:13:17.115+0000] {taskinstance.py:2613} INFO - Dependencies all met for dep_context=requeueable deps ti=<TaskInstance: openweathermap_weather_dag.extract_weather_medan manual__2024-12-05T08:13:09.377040+00:00 [queued]>
[2024-12-05T08:13:17.115+0000] {taskinstance.py:2866} INFO - Starting attempt 1 of 3
[2024-12-05T08:13:17.132+0000] {taskinstance.py:2889} INFO - Executing <Task(SimpleHttpOperator): extract_weather_medan> on 2024-12-05 08:13:09.377040+00:00
[2024-12-05T08:13:17.140+0000] {warnings.py:112} WARNING - /home/***/.local/lib/python3.12/site-packages/***/task/task_runner/standard_task_runner.py:70: DeprecationWarning: This process (pid=215) is multi-threaded, use of fork() may lead to deadlocks in the child.
  pid = os.fork()

[2024-12-05T08:13:17.141+0000] {standard_task_runner.py:72} INFO - Started process 232 to run task
[2024-12-05T08:13:17.142+0000] {standard_task_runner.py:104} INFO - Running: ['***', 'tasks', 'run', 'openweathermap_weather_dag', 'extract_weather_medan', 'manual__2024-12-05T08:13:09.377040+00:00', '--job-id', '149', '--raw', '--subdir', 'DAGS_FOLDER/dag_weather.py', '--cfg-path', '/tmp/tmp564k8ua6']
[2024-12-05T08:13:17.143+0000] {standard_task_runner.py:105} INFO - Job 149: Subtask extract_weather_medan
[2024-12-05T08:13:17.188+0000] {task_command.py:467} INFO - Running <TaskInstance: openweathermap_weather_dag.extract_weather_medan manual__2024-12-05T08:13:09.377040+00:00 [running]> on host 96da24d672b1
[2024-12-05T08:13:17.301+0000] {taskinstance.py:3132} INFO - Exporting env vars: AIRFLOW_CTX_DAG_OWNER='***' AIRFLOW_CTX_DAG_ID='openweathermap_weather_dag' AIRFLOW_CTX_TASK_ID='extract_weather_medan' AIRFLOW_CTX_EXECUTION_DATE='2024-12-05T08:13:09.377040+00:00' AIRFLOW_CTX_TRY_NUMBER='1' AIRFLOW_CTX_DAG_RUN_ID='manual__2024-12-05T08:13:09.377040+00:00'
[2024-12-05T08:13:17.303+0000] {logging_mixin.py:190} INFO - Task instance is in running state
[2024-12-05T08:13:17.303+0000] {logging_mixin.py:190} INFO -  Previous state of the Task instance: queued
[2024-12-05T08:13:17.303+0000] {logging_mixin.py:190} INFO - Current task name:extract_weather_medan state:running start_date:2024-12-05 08:13:17.102368+00:00
[2024-12-05T08:13:17.304+0000] {logging_mixin.py:190} INFO - Dag name:openweathermap_weather_dag and current dag run status:running
[2024-12-05T08:13:17.304+0000] {taskinstance.py:731} INFO - ::endgroup::
[2024-12-05T08:13:17.305+0000] {http.py:173} INFO - Calling HTTP method
[2024-12-05T08:13:17.314+0000] {base.py:84} INFO - Retrieving connection 'openweathermap_api'
[2024-12-05T08:13:17.321+0000] {base.py:84} INFO - Retrieving connection 'openweathermap_api'
[2024-12-05T08:13:17.589+0000] {http.py:222} INFO - {"coord":{"lon":98.6667,"lat":3.5833},"weather":[{"id":802,"main":"Clouds","description":"scattered clouds","icon":"03d"}],"base":"stations","main":{"temp":31.02,"feels_like":37.65,"temp_min":31.02,"temp_max":31.02,"pressure":1005,"humidity":70,"sea_level":1005,"grnd_level":1000},"visibility":10000,"wind":{"speed":2.57,"deg":360},"clouds":{"all":40},"dt":1733385954,"sys":{"type":1,"id":9412,"country":"ID","sunrise":1733354308,"sunset":1733397230},"timezone":25200,"id":1214520,"name":"Medan","cod":200}
[2024-12-05T08:13:17.612+0000] {taskinstance.py:340} INFO - ::group::Post task execution logs
[2024-12-05T08:13:17.613+0000] {taskinstance.py:352} INFO - Marking task as SUCCESS. dag_id=openweathermap_weather_dag, task_id=extract_weather_medan, run_id=manual__2024-12-05T08:13:09.377040+00:00, execution_date=20241205T081309, start_date=20241205T081317, end_date=20241205T081317
[2024-12-05T08:13:17.621+0000] {logging_mixin.py:190} INFO - Task instance in success state
[2024-12-05T08:13:17.621+0000] {logging_mixin.py:190} INFO -  Previous state of the Task instance: running
[2024-12-05T08:13:17.622+0000] {logging_mixin.py:190} INFO - Dag name:openweathermap_weather_dag queued_at:2024-12-05 08:13:09.407927+00:00
[2024-12-05T08:13:17.622+0000] {logging_mixin.py:190} INFO - Task hostname:96da24d672b1 operator:SimpleHttpOperator
[2024-12-05T08:13:17.636+0000] {local_task_job_runner.py:266} INFO - Task exited with return code 0
[2024-12-05T08:13:17.659+0000] {taskinstance.py:3895} INFO - 1 downstream tasks scheduled from follow-on schedule check
[2024-12-05T08:13:17.660+0000] {local_task_job_runner.py:245} INFO - ::endgroup::
