[2024-12-05T06:04:43.575+0000] {local_task_job_runner.py:123} INFO - ::group::Pre task execution logs
[2024-12-05T06:04:43.903+0000] {taskinstance.py:2613} INFO - Dependencies all met for dep_context=non-requeueable deps ti=<TaskInstance: openweathermap_weather_dag.extract_weather_jakarta manual__2024-12-05T06:04:31.511757+00:00 [queued]>
[2024-12-05T06:04:43.928+0000] {taskinstance.py:2613} INFO - Dependencies all met for dep_context=requeueable deps ti=<TaskInstance: openweathermap_weather_dag.extract_weather_jakarta manual__2024-12-05T06:04:31.511757+00:00 [queued]>
[2024-12-05T06:04:43.929+0000] {taskinstance.py:2866} INFO - Starting attempt 1 of 3
[2024-12-05T06:04:43.958+0000] {taskinstance.py:2889} INFO - Executing <Task(SimpleHttpOperator): extract_weather_jakarta> on 2024-12-05 06:04:31.511757+00:00
[2024-12-05T06:04:43.973+0000] {warnings.py:112} WARNING - /home/***/.local/lib/python3.12/site-packages/***/task/task_runner/standard_task_runner.py:70: DeprecationWarning: This process (pid=88) is multi-threaded, use of fork() may lead to deadlocks in the child.
  pid = os.fork()

[2024-12-05T06:04:43.976+0000] {standard_task_runner.py:72} INFO - Started process 105 to run task
[2024-12-05T06:04:43.978+0000] {standard_task_runner.py:104} INFO - Running: ['***', 'tasks', 'run', 'openweathermap_weather_dag', 'extract_weather_jakarta', 'manual__2024-12-05T06:04:31.511757+00:00', '--job-id', '26', '--raw', '--subdir', 'DAGS_FOLDER/dag_weather.py', '--cfg-path', '/tmp/tmpv7wiby4g']
[2024-12-05T06:04:43.981+0000] {standard_task_runner.py:105} INFO - Job 26: Subtask extract_weather_jakarta
[2024-12-05T06:04:44.078+0000] {task_command.py:467} INFO - Running <TaskInstance: openweathermap_weather_dag.extract_weather_jakarta manual__2024-12-05T06:04:31.511757+00:00 [running]> on host ba3c3d68bfd0
[2024-12-05T06:04:44.258+0000] {taskinstance.py:3132} INFO - Exporting env vars: AIRFLOW_CTX_DAG_OWNER='***' AIRFLOW_CTX_DAG_ID='openweathermap_weather_dag' AIRFLOW_CTX_TASK_ID='extract_weather_jakarta' AIRFLOW_CTX_EXECUTION_DATE='2024-12-05T06:04:31.511757+00:00' AIRFLOW_CTX_TRY_NUMBER='1' AIRFLOW_CTX_DAG_RUN_ID='manual__2024-12-05T06:04:31.511757+00:00'
[2024-12-05T06:04:44.261+0000] {logging_mixin.py:190} INFO - Task instance is in running state
[2024-12-05T06:04:44.262+0000] {logging_mixin.py:190} INFO -  Previous state of the Task instance: queued
[2024-12-05T06:04:44.262+0000] {logging_mixin.py:190} INFO - Current task name:extract_weather_jakarta state:running start_date:2024-12-05 06:04:43.904689+00:00
[2024-12-05T06:04:44.263+0000] {logging_mixin.py:190} INFO - Dag name:openweathermap_weather_dag and current dag run status:running
[2024-12-05T06:04:44.263+0000] {taskinstance.py:731} INFO - ::endgroup::
[2024-12-05T06:04:44.263+0000] {http.py:173} INFO - Calling HTTP method
[2024-12-05T06:04:44.280+0000] {base.py:84} INFO - Retrieving connection 'openweathermap_api'
[2024-12-05T06:04:44.293+0000] {base.py:84} INFO - Retrieving connection 'openweathermap_api'
[2024-12-05T06:04:44.980+0000] {http.py:222} INFO - {"coord":{"lon":106.8451,"lat":-6.2146},"weather":[{"id":804,"main":"Clouds","description":"overcast clouds","icon":"04d"}],"base":"stations","main":{"temp":31.37,"feels_like":37.66,"temp_min":29.6,"temp_max":31.96,"pressure":1005,"humidity":67,"sea_level":1005,"grnd_level":1002},"visibility":10000,"wind":{"speed":6.31,"deg":259,"gust":7.49},"clouds":{"all":100},"dt":1733378364,"sys":{"type":2,"id":2073276,"country":"ID","sunrise":1733351372,"sunset":1733396239},"timezone":25200,"id":1642911,"name":"Jakarta","cod":200}
[2024-12-05T06:04:45.025+0000] {taskinstance.py:340} INFO - ::group::Post task execution logs
[2024-12-05T06:04:45.026+0000] {taskinstance.py:352} INFO - Marking task as SUCCESS. dag_id=openweathermap_weather_dag, task_id=extract_weather_jakarta, run_id=manual__2024-12-05T06:04:31.511757+00:00, execution_date=20241205T060431, start_date=20241205T060443, end_date=20241205T060445
[2024-12-05T06:04:45.045+0000] {logging_mixin.py:190} INFO - Task instance in success state
[2024-12-05T06:04:45.045+0000] {logging_mixin.py:190} INFO -  Previous state of the Task instance: running
[2024-12-05T06:04:45.046+0000] {logging_mixin.py:190} INFO - Dag name:openweathermap_weather_dag queued_at:2024-12-05 06:04:31.556888+00:00
[2024-12-05T06:04:45.046+0000] {logging_mixin.py:190} INFO - Task hostname:ba3c3d68bfd0 operator:SimpleHttpOperator
[2024-12-05T06:04:45.075+0000] {local_task_job_runner.py:266} INFO - Task exited with return code 0
[2024-12-05T06:04:45.095+0000] {local_task_job_runner.py:245} INFO - ::endgroup::
