[2024-12-05T07:32:29.828+0000] {local_task_job_runner.py:123} INFO - ::group::Pre task execution logs
[2024-12-05T07:32:29.948+0000] {taskinstance.py:2613} INFO - Dependencies all met for dep_context=non-requeueable deps ti=<TaskInstance: openweathermap_weather_dag.process_weather_data manual__2024-12-05T07:32:21.195977+00:00 [queued]>
[2024-12-05T07:32:29.954+0000] {taskinstance.py:2613} INFO - Dependencies all met for dep_context=requeueable deps ti=<TaskInstance: openweathermap_weather_dag.process_weather_data manual__2024-12-05T07:32:21.195977+00:00 [queued]>
[2024-12-05T07:32:29.954+0000] {taskinstance.py:2866} INFO - Starting attempt 1 of 3
[2024-12-05T07:32:29.964+0000] {taskinstance.py:2889} INFO - Executing <Task(PythonOperator): process_weather_data> on 2024-12-05 07:32:21.195977+00:00
[2024-12-05T07:32:29.969+0000] {warnings.py:112} WARNING - /home/***/.local/lib/python3.12/site-packages/***/task/task_runner/standard_task_runner.py:70: DeprecationWarning: This process (pid=112) is multi-threaded, use of fork() may lead to deadlocks in the child.
  pid = os.fork()

[2024-12-05T07:32:29.970+0000] {standard_task_runner.py:72} INFO - Started process 114 to run task
[2024-12-05T07:32:29.970+0000] {standard_task_runner.py:104} INFO - Running: ['***', 'tasks', 'run', 'openweathermap_weather_dag', 'process_weather_data', 'manual__2024-12-05T07:32:21.195977+00:00', '--job-id', '118', '--raw', '--subdir', 'DAGS_FOLDER/dag_weather.py', '--cfg-path', '/tmp/tmpgqt1dnhi']
[2024-12-05T07:32:29.971+0000] {standard_task_runner.py:105} INFO - Job 118: Subtask process_weather_data
[2024-12-05T07:32:29.998+0000] {task_command.py:467} INFO - Running <TaskInstance: openweathermap_weather_dag.process_weather_data manual__2024-12-05T07:32:21.195977+00:00 [running]> on host 1a65a97777f0
[2024-12-05T07:32:30.050+0000] {taskinstance.py:3132} INFO - Exporting env vars: AIRFLOW_CTX_DAG_OWNER='***' AIRFLOW_CTX_DAG_ID='openweathermap_weather_dag' AIRFLOW_CTX_TASK_ID='process_weather_data' AIRFLOW_CTX_EXECUTION_DATE='2024-12-05T07:32:21.195977+00:00' AIRFLOW_CTX_TRY_NUMBER='1' AIRFLOW_CTX_DAG_RUN_ID='manual__2024-12-05T07:32:21.195977+00:00'
[2024-12-05T07:32:30.051+0000] {logging_mixin.py:190} INFO - Task instance is in running state
[2024-12-05T07:32:30.051+0000] {logging_mixin.py:190} INFO -  Previous state of the Task instance: queued
[2024-12-05T07:32:30.051+0000] {logging_mixin.py:190} INFO - Current task name:process_weather_data state:running start_date:2024-12-05 07:32:29.949088+00:00
[2024-12-05T07:32:30.051+0000] {logging_mixin.py:190} INFO - Dag name:openweathermap_weather_dag and current dag run status:running
[2024-12-05T07:32:30.051+0000] {taskinstance.py:731} INFO - ::endgroup::
[2024-12-05T07:32:30.083+0000] {logging_mixin.py:190} INFO - Data cuaca telah disimpan di /tmp/weather_data_20241205_073230.csv
[2024-12-05T07:32:30.093+0000] {logging_mixin.py:190} INFO -        city  temperature  ...       description            timestamp
0   Jakarta        30.95  ...  scattered clouds  2024-12-05 07:32:30
1  Surabaya        32.79  ...        few clouds  2024-12-05 07:32:30
2   Bandung        26.65  ...   overcast clouds  2024-12-05 07:32:30
3     Medan        31.02  ...  scattered clouds  2024-12-05 07:32:30
4  Semarang        31.96  ...  scattered clouds  2024-12-05 07:32:30

[5 rows x 6 columns]
[2024-12-05T07:32:30.094+0000] {python.py:240} INFO - Done. Returned value was: None
[2024-12-05T07:32:30.100+0000] {taskinstance.py:340} INFO - ::group::Post task execution logs
[2024-12-05T07:32:30.101+0000] {taskinstance.py:352} INFO - Marking task as SUCCESS. dag_id=openweathermap_weather_dag, task_id=process_weather_data, run_id=manual__2024-12-05T07:32:21.195977+00:00, execution_date=20241205T073221, start_date=20241205T073229, end_date=20241205T073230
[2024-12-05T07:32:30.108+0000] {logging_mixin.py:190} INFO - Task instance in success state
[2024-12-05T07:32:30.108+0000] {logging_mixin.py:190} INFO -  Previous state of the Task instance: running
[2024-12-05T07:32:30.108+0000] {logging_mixin.py:190} INFO - Dag name:openweathermap_weather_dag queued_at:2024-12-05 07:32:21.210110+00:00
[2024-12-05T07:32:30.108+0000] {logging_mixin.py:190} INFO - Task hostname:1a65a97777f0 operator:PythonOperator
[2024-12-05T07:32:30.144+0000] {local_task_job_runner.py:266} INFO - Task exited with return code 0
[2024-12-05T07:32:30.154+0000] {taskinstance.py:3895} INFO - 0 downstream tasks scheduled from follow-on schedule check
[2024-12-05T07:32:30.155+0000] {local_task_job_runner.py:245} INFO - ::endgroup::
