[2024-12-05T07:56:55.991+0000] {local_task_job_runner.py:123} INFO - ::group::Pre task execution logs
[2024-12-05T07:56:56.181+0000] {taskinstance.py:2613} INFO - Dependencies all met for dep_context=non-requeueable deps ti=<TaskInstance: openweathermap_weather_dag.extract_weather_bandung manual__2024-12-05T07:56:49.401423+00:00 [queued]>
[2024-12-05T07:56:56.195+0000] {taskinstance.py:2613} INFO - Dependencies all met for dep_context=requeueable deps ti=<TaskInstance: openweathermap_weather_dag.extract_weather_bandung manual__2024-12-05T07:56:49.401423+00:00 [queued]>
[2024-12-05T07:56:56.196+0000] {taskinstance.py:2866} INFO - Starting attempt 1 of 3
[2024-12-05T07:56:56.215+0000] {taskinstance.py:2889} INFO - Executing <Task(SimpleHttpOperator): extract_weather_bandung> on 2024-12-05 07:56:49.401423+00:00
[2024-12-05T07:56:56.226+0000] {warnings.py:112} WARNING - /home/***/.local/lib/python3.12/site-packages/***/task/task_runner/standard_task_runner.py:70: DeprecationWarning: This process (pid=75) is multi-threaded, use of fork() may lead to deadlocks in the child.
  pid = os.fork()

[2024-12-05T07:56:56.227+0000] {standard_task_runner.py:72} INFO - Started process 87 to run task
[2024-12-05T07:56:56.227+0000] {standard_task_runner.py:104} INFO - Running: ['***', 'tasks', 'run', 'openweathermap_weather_dag', 'extract_weather_bandung', 'manual__2024-12-05T07:56:49.401423+00:00', '--job-id', '137', '--raw', '--subdir', 'DAGS_FOLDER/dag_weather.py', '--cfg-path', '/tmp/tmpatgufrdp']
[2024-12-05T07:56:56.228+0000] {standard_task_runner.py:105} INFO - Job 137: Subtask extract_weather_bandung
[2024-12-05T07:56:56.279+0000] {task_command.py:467} INFO - Running <TaskInstance: openweathermap_weather_dag.extract_weather_bandung manual__2024-12-05T07:56:49.401423+00:00 [running]> on host 6498d60954a9
[2024-12-05T07:56:56.394+0000] {taskinstance.py:3132} INFO - Exporting env vars: AIRFLOW_CTX_DAG_OWNER='***' AIRFLOW_CTX_DAG_ID='openweathermap_weather_dag' AIRFLOW_CTX_TASK_ID='extract_weather_bandung' AIRFLOW_CTX_EXECUTION_DATE='2024-12-05T07:56:49.401423+00:00' AIRFLOW_CTX_TRY_NUMBER='1' AIRFLOW_CTX_DAG_RUN_ID='manual__2024-12-05T07:56:49.401423+00:00'
[2024-12-05T07:56:56.395+0000] {logging_mixin.py:190} INFO - Task instance is in running state
[2024-12-05T07:56:56.395+0000] {logging_mixin.py:190} INFO -  Previous state of the Task instance: queued
[2024-12-05T07:56:56.396+0000] {logging_mixin.py:190} INFO - Current task name:extract_weather_bandung state:running start_date:2024-12-05 07:56:56.182355+00:00
[2024-12-05T07:56:56.396+0000] {logging_mixin.py:190} INFO - Dag name:openweathermap_weather_dag and current dag run status:running
[2024-12-05T07:56:56.396+0000] {taskinstance.py:731} INFO - ::endgroup::
[2024-12-05T07:56:56.396+0000] {http.py:173} INFO - Calling HTTP method
[2024-12-05T07:56:56.407+0000] {base.py:84} INFO - Retrieving connection 'openweathermap_api'
[2024-12-05T07:56:56.418+0000] {base.py:84} INFO - Retrieving connection 'openweathermap_api'
[2024-12-05T07:56:57.215+0000] {http.py:222} INFO - {"coord":{"lon":107.6186,"lat":-6.9039},"weather":[{"id":804,"main":"Clouds","description":"overcast clouds","icon":"04d"}],"base":"stations","main":{"temp":26.38,"feels_like":26.38,"temp_min":26.19,"temp_max":27.65,"pressure":1006,"humidity":99,"sea_level":1006,"grnd_level":907},"visibility":8046,"wind":{"speed":2.24,"deg":295,"gust":3.58},"clouds":{"all":100},"dt":1733384760,"sys":{"type":2,"id":2097877,"country":"ID","sunrise":1733351116,"sunset":1733396123},"timezone":25200,"id":1650357,"name":"Bandung","cod":200}
[2024-12-05T07:56:57.262+0000] {taskinstance.py:340} INFO - ::group::Post task execution logs
[2024-12-05T07:56:57.263+0000] {taskinstance.py:352} INFO - Marking task as SUCCESS. dag_id=openweathermap_weather_dag, task_id=extract_weather_bandung, run_id=manual__2024-12-05T07:56:49.401423+00:00, execution_date=20241205T075649, start_date=20241205T075656, end_date=20241205T075657
[2024-12-05T07:56:57.304+0000] {logging_mixin.py:190} INFO - Task instance in success state
[2024-12-05T07:56:57.305+0000] {logging_mixin.py:190} INFO -  Previous state of the Task instance: running
[2024-12-05T07:56:57.306+0000] {logging_mixin.py:190} INFO - Dag name:openweathermap_weather_dag queued_at:2024-12-05 07:56:49.430138+00:00
[2024-12-05T07:56:57.306+0000] {logging_mixin.py:190} INFO - Task hostname:6498d60954a9 operator:SimpleHttpOperator
[2024-12-05T07:56:57.324+0000] {local_task_job_runner.py:266} INFO - Task exited with return code 0
[2024-12-05T07:56:57.345+0000] {local_task_job_runner.py:245} INFO - ::endgroup::
