[2024-12-05T08:02:38.316+0000] {local_task_job_runner.py:123} INFO - ::group::Pre task execution logs
[2024-12-05T08:02:38.337+0000] {taskinstance.py:2613} INFO - Dependencies all met for dep_context=non-requeueable deps ti=<TaskInstance: openweathermap_weather_dag.process_weather_data manual__2024-12-05T07:52:04.753161+00:00 [queued]>
[2024-12-05T08:02:38.350+0000] {taskinstance.py:2613} INFO - Dependencies all met for dep_context=requeueable deps ti=<TaskInstance: openweathermap_weather_dag.process_weather_data manual__2024-12-05T07:52:04.753161+00:00 [queued]>
[2024-12-05T08:02:38.350+0000] {taskinstance.py:2866} INFO - Starting attempt 3 of 3
[2024-12-05T08:02:38.369+0000] {taskinstance.py:2889} INFO - Executing <Task(PythonOperator): process_weather_data> on 2024-12-05 07:52:04.753161+00:00
[2024-12-05T08:02:38.377+0000] {warnings.py:112} WARNING - /home/***/.local/lib/python3.12/site-packages/***/task/task_runner/standard_task_runner.py:70: DeprecationWarning: This process (pid=70) is multi-threaded, use of fork() may lead to deadlocks in the child.
  pid = os.fork()

[2024-12-05T08:02:38.379+0000] {standard_task_runner.py:72} INFO - Started process 75 to run task
[2024-12-05T08:02:38.380+0000] {standard_task_runner.py:104} INFO - Running: ['***', 'tasks', 'run', 'openweathermap_weather_dag', 'process_weather_data', 'manual__2024-12-05T07:52:04.753161+00:00', '--job-id', '143', '--raw', '--subdir', 'DAGS_FOLDER/dag_weather.py', '--cfg-path', '/tmp/tmpmu68oqzh']
[2024-12-05T08:02:38.381+0000] {standard_task_runner.py:105} INFO - Job 143: Subtask process_weather_data
[2024-12-05T08:02:38.694+0000] {task_command.py:467} INFO - Running <TaskInstance: openweathermap_weather_dag.process_weather_data manual__2024-12-05T07:52:04.753161+00:00 [running]> on host 96da24d672b1
[2024-12-05T08:02:38.803+0000] {taskinstance.py:3132} INFO - Exporting env vars: AIRFLOW_CTX_DAG_OWNER='***' AIRFLOW_CTX_DAG_ID='openweathermap_weather_dag' AIRFLOW_CTX_TASK_ID='process_weather_data' AIRFLOW_CTX_EXECUTION_DATE='2024-12-05T07:52:04.753161+00:00' AIRFLOW_CTX_TRY_NUMBER='3' AIRFLOW_CTX_DAG_RUN_ID='manual__2024-12-05T07:52:04.753161+00:00'
[2024-12-05T08:02:38.804+0000] {logging_mixin.py:190} INFO - Task instance is in running state
[2024-12-05T08:02:38.805+0000] {logging_mixin.py:190} INFO -  Previous state of the Task instance: queued
[2024-12-05T08:02:38.805+0000] {logging_mixin.py:190} INFO - Current task name:process_weather_data state:running start_date:2024-12-05 08:02:38.338264+00:00
[2024-12-05T08:02:38.805+0000] {logging_mixin.py:190} INFO - Dag name:openweathermap_weather_dag and current dag run status:running
[2024-12-05T08:02:38.806+0000] {taskinstance.py:731} INFO - ::endgroup::
[2024-12-05T08:02:38.861+0000] {logging_mixin.py:190} INFO - Data cuaca telah disimpan di /opt/***/data/weather_data_20241205_080238.csv
[2024-12-05T08:02:38.874+0000] {logging_mixin.py:190} INFO -        city  temperature  ...       description            timestamp
0   Jakarta        30.95  ...  scattered clouds  2024-12-05 08:02:38
1  Surabaya        31.68  ...        few clouds  2024-12-05 08:02:38
2   Bandung        26.38  ...   overcast clouds  2024-12-05 08:02:38
3     Medan        31.02  ...  scattered clouds  2024-12-05 08:02:38
4  Semarang        31.96  ...  scattered clouds  2024-12-05 08:02:38

[5 rows x 6 columns]
[2024-12-05T08:02:38.875+0000] {python.py:240} INFO - Done. Returned value was: None
[2024-12-05T08:02:38.885+0000] {taskinstance.py:340} INFO - ::group::Post task execution logs
[2024-12-05T08:02:38.886+0000] {taskinstance.py:352} INFO - Marking task as SUCCESS. dag_id=openweathermap_weather_dag, task_id=process_weather_data, run_id=manual__2024-12-05T07:52:04.753161+00:00, execution_date=20241205T075204, start_date=20241205T080238, end_date=20241205T080238
[2024-12-05T08:02:38.895+0000] {logging_mixin.py:190} INFO - Task instance in success state
[2024-12-05T08:02:38.896+0000] {logging_mixin.py:190} INFO -  Previous state of the Task instance: running
[2024-12-05T08:02:38.896+0000] {logging_mixin.py:190} INFO - Dag name:openweathermap_weather_dag queued_at:2024-12-05 07:52:04.781815+00:00
[2024-12-05T08:02:38.896+0000] {logging_mixin.py:190} INFO - Task hostname:96da24d672b1 operator:PythonOperator
[2024-12-05T08:02:38.955+0000] {local_task_job_runner.py:266} INFO - Task exited with return code 0
[2024-12-05T08:02:39.167+0000] {taskinstance.py:3895} INFO - 0 downstream tasks scheduled from follow-on schedule check
[2024-12-05T08:02:39.169+0000] {local_task_job_runner.py:245} INFO - ::endgroup::
