[2024-12-05T07:33:13.027+0000] {local_task_job_runner.py:123} INFO - ::group::Pre task execution logs
[2024-12-05T07:33:13.139+0000] {taskinstance.py:2613} INFO - Dependencies all met for dep_context=non-requeueable deps ti=<TaskInstance: openweathermap_weather_dag.process_weather_data manual__2024-12-05T07:28:03.489437+00:00 [queued]>
[2024-12-05T07:33:13.145+0000] {taskinstance.py:2613} INFO - Dependencies all met for dep_context=requeueable deps ti=<TaskInstance: openweathermap_weather_dag.process_weather_data manual__2024-12-05T07:28:03.489437+00:00 [queued]>
[2024-12-05T07:33:13.145+0000] {taskinstance.py:2866} INFO - Starting attempt 2 of 3
[2024-12-05T07:33:13.153+0000] {taskinstance.py:2889} INFO - Executing <Task(PythonOperator): process_weather_data> on 2024-12-05 07:28:03.489437+00:00
[2024-12-05T07:33:13.158+0000] {warnings.py:112} WARNING - /home/***/.local/lib/python3.12/site-packages/***/task/task_runner/standard_task_runner.py:70: DeprecationWarning: This process (pid=123) is multi-threaded, use of fork() may lead to deadlocks in the child.
  pid = os.fork()

[2024-12-05T07:33:13.159+0000] {standard_task_runner.py:72} INFO - Started process 125 to run task
[2024-12-05T07:33:13.159+0000] {standard_task_runner.py:104} INFO - Running: ['***', 'tasks', 'run', 'openweathermap_weather_dag', 'process_weather_data', 'manual__2024-12-05T07:28:03.489437+00:00', '--job-id', '119', '--raw', '--subdir', 'DAGS_FOLDER/dag_weather.py', '--cfg-path', '/tmp/tmpremjf58u']
[2024-12-05T07:33:13.160+0000] {standard_task_runner.py:105} INFO - Job 119: Subtask process_weather_data
[2024-12-05T07:33:13.185+0000] {task_command.py:467} INFO - Running <TaskInstance: openweathermap_weather_dag.process_weather_data manual__2024-12-05T07:28:03.489437+00:00 [running]> on host 1a65a97777f0
[2024-12-05T07:33:13.236+0000] {taskinstance.py:3132} INFO - Exporting env vars: AIRFLOW_CTX_DAG_OWNER='***' AIRFLOW_CTX_DAG_ID='openweathermap_weather_dag' AIRFLOW_CTX_TASK_ID='process_weather_data' AIRFLOW_CTX_EXECUTION_DATE='2024-12-05T07:28:03.489437+00:00' AIRFLOW_CTX_TRY_NUMBER='2' AIRFLOW_CTX_DAG_RUN_ID='manual__2024-12-05T07:28:03.489437+00:00'
[2024-12-05T07:33:13.237+0000] {logging_mixin.py:190} INFO - Task instance is in running state
[2024-12-05T07:33:13.237+0000] {logging_mixin.py:190} INFO -  Previous state of the Task instance: queued
[2024-12-05T07:33:13.237+0000] {logging_mixin.py:190} INFO - Current task name:process_weather_data state:running start_date:2024-12-05 07:33:13.139887+00:00
[2024-12-05T07:33:13.237+0000] {logging_mixin.py:190} INFO - Dag name:openweathermap_weather_dag and current dag run status:running
[2024-12-05T07:33:13.237+0000] {taskinstance.py:731} INFO - ::endgroup::
[2024-12-05T07:33:13.264+0000] {logging_mixin.py:190} INFO - Data cuaca telah disimpan di /tmp/weather_data_20241205_073313.csv
[2024-12-05T07:33:13.272+0000] {logging_mixin.py:190} INFO -        city  temperature  ...       description            timestamp
0   Jakarta        30.94  ...  scattered clouds  2024-12-05 07:33:13
1  Surabaya        32.79  ...        few clouds  2024-12-05 07:33:13
2   Bandung        26.93  ...   overcast clouds  2024-12-05 07:33:13
3     Medan        31.02  ...  scattered clouds  2024-12-05 07:33:13
4  Semarang        31.96  ...  scattered clouds  2024-12-05 07:33:13

[5 rows x 6 columns]
[2024-12-05T07:33:13.273+0000] {python.py:240} INFO - Done. Returned value was: None
[2024-12-05T07:33:13.279+0000] {taskinstance.py:340} INFO - ::group::Post task execution logs
[2024-12-05T07:33:13.279+0000] {taskinstance.py:352} INFO - Marking task as SUCCESS. dag_id=openweathermap_weather_dag, task_id=process_weather_data, run_id=manual__2024-12-05T07:28:03.489437+00:00, execution_date=20241205T072803, start_date=20241205T073313, end_date=20241205T073313
[2024-12-05T07:33:13.284+0000] {logging_mixin.py:190} INFO - Task instance in success state
[2024-12-05T07:33:13.284+0000] {logging_mixin.py:190} INFO -  Previous state of the Task instance: running
[2024-12-05T07:33:13.285+0000] {logging_mixin.py:190} INFO - Dag name:openweathermap_weather_dag queued_at:2024-12-05 07:28:03.501793+00:00
[2024-12-05T07:33:13.285+0000] {logging_mixin.py:190} INFO - Task hostname:1a65a97777f0 operator:PythonOperator
[2024-12-05T07:33:13.292+0000] {local_task_job_runner.py:266} INFO - Task exited with return code 0
[2024-12-05T07:33:13.302+0000] {taskinstance.py:3895} INFO - 0 downstream tasks scheduled from follow-on schedule check
[2024-12-05T07:33:13.302+0000] {local_task_job_runner.py:245} INFO - ::endgroup::
