[2024-12-05T06:44:44.681+0000] {local_task_job_runner.py:123} INFO - ::group::Pre task execution logs
[2024-12-05T06:44:44.808+0000] {taskinstance.py:2613} INFO - Dependencies all met for dep_context=non-requeueable deps ti=<TaskInstance: openweathermap_weather_dag.is_api_available manual__2024-12-05T06:44:43.259391+00:00 [queued]>
[2024-12-05T06:44:44.814+0000] {taskinstance.py:2613} INFO - Dependencies all met for dep_context=requeueable deps ti=<TaskInstance: openweathermap_weather_dag.is_api_available manual__2024-12-05T06:44:43.259391+00:00 [queued]>
[2024-12-05T06:44:44.814+0000] {taskinstance.py:2866} INFO - Starting attempt 1 of 3
[2024-12-05T06:44:44.821+0000] {taskinstance.py:2889} INFO - Executing <Task(HttpSensor): is_api_available> on 2024-12-05 06:44:43.259391+00:00
[2024-12-05T06:44:44.827+0000] {warnings.py:112} WARNING - /home/***/.local/lib/python3.12/site-packages/***/task/task_runner/standard_task_runner.py:70: DeprecationWarning: This process (pid=74) is multi-threaded, use of fork() may lead to deadlocks in the child.
  pid = os.fork()

[2024-12-05T06:44:44.828+0000] {standard_task_runner.py:72} INFO - Started process 76 to run task
[2024-12-05T06:44:44.828+0000] {standard_task_runner.py:104} INFO - Running: ['***', 'tasks', 'run', 'openweathermap_weather_dag', 'is_api_available', 'manual__2024-12-05T06:44:43.259391+00:00', '--job-id', '56', '--raw', '--subdir', 'DAGS_FOLDER/dag_weather.py', '--cfg-path', '/tmp/tmpenbrbu5b']
[2024-12-05T06:44:44.829+0000] {standard_task_runner.py:105} INFO - Job 56: Subtask is_api_available
[2024-12-05T06:44:44.856+0000] {task_command.py:467} INFO - Running <TaskInstance: openweathermap_weather_dag.is_api_available manual__2024-12-05T06:44:43.259391+00:00 [running]> on host 1a65a97777f0
[2024-12-05T06:44:44.909+0000] {taskinstance.py:3132} INFO - Exporting env vars: AIRFLOW_CTX_DAG_OWNER='***' AIRFLOW_CTX_DAG_ID='openweathermap_weather_dag' AIRFLOW_CTX_TASK_ID='is_api_available' AIRFLOW_CTX_EXECUTION_DATE='2024-12-05T06:44:43.259391+00:00' AIRFLOW_CTX_TRY_NUMBER='1' AIRFLOW_CTX_DAG_RUN_ID='manual__2024-12-05T06:44:43.259391+00:00'
[2024-12-05T06:44:44.909+0000] {logging_mixin.py:190} INFO - Task instance is in running state
[2024-12-05T06:44:44.910+0000] {logging_mixin.py:190} INFO -  Previous state of the Task instance: queued
[2024-12-05T06:44:44.910+0000] {logging_mixin.py:190} INFO - Current task name:is_api_available state:running start_date:2024-12-05 06:44:44.809252+00:00
[2024-12-05T06:44:44.910+0000] {logging_mixin.py:190} INFO - Dag name:openweathermap_weather_dag and current dag run status:running
[2024-12-05T06:44:44.910+0000] {taskinstance.py:731} INFO - ::endgroup::
[2024-12-05T06:44:44.910+0000] {baseoperator.py:416} WARNING - HttpSensor.execute cannot be called outside TaskInstance!
[2024-12-05T06:44:44.910+0000] {http.py:137} INFO - Poking: /data/2.5/weather
[2024-12-05T06:44:44.916+0000] {base.py:84} INFO - Retrieving connection 'openweathermap_api'
[2024-12-05T06:44:45.820+0000] {base.py:336} INFO - Success criteria met. Exiting.
[2024-12-05T06:44:45.827+0000] {taskinstance.py:340} INFO - ::group::Post task execution logs
[2024-12-05T06:44:45.827+0000] {taskinstance.py:352} INFO - Marking task as SUCCESS. dag_id=openweathermap_weather_dag, task_id=is_api_available, run_id=manual__2024-12-05T06:44:43.259391+00:00, execution_date=20241205T064443, start_date=20241205T064444, end_date=20241205T064445
[2024-12-05T06:44:45.833+0000] {logging_mixin.py:190} INFO - Task instance in success state
[2024-12-05T06:44:45.833+0000] {logging_mixin.py:190} INFO -  Previous state of the Task instance: running
[2024-12-05T06:44:45.833+0000] {logging_mixin.py:190} INFO - Dag name:openweathermap_weather_dag queued_at:2024-12-05 06:44:43.269762+00:00
[2024-12-05T06:44:45.833+0000] {logging_mixin.py:190} INFO - Task hostname:1a65a97777f0 operator:HttpSensor
[2024-12-05T06:44:45.844+0000] {local_task_job_runner.py:266} INFO - Task exited with return code 0
[2024-12-05T06:44:45.866+0000] {taskinstance.py:3895} INFO - 5 downstream tasks scheduled from follow-on schedule check
[2024-12-05T06:44:45.867+0000] {local_task_job_runner.py:245} INFO - ::endgroup::
