[2024-12-05T07:56:55.604+0000] {local_task_job_runner.py:123} INFO - ::group::Pre task execution logs
[2024-12-05T07:56:55.784+0000] {taskinstance.py:2613} INFO - Dependencies all met for dep_context=non-requeueable deps ti=<TaskInstance: openweathermap_weather_dag.extract_weather_medan manual__2024-12-05T07:56:49.401423+00:00 [queued]>
[2024-12-05T07:56:55.801+0000] {taskinstance.py:2613} INFO - Dependencies all met for dep_context=requeueable deps ti=<TaskInstance: openweathermap_weather_dag.extract_weather_medan manual__2024-12-05T07:56:49.401423+00:00 [queued]>
[2024-12-05T07:56:55.802+0000] {taskinstance.py:2866} INFO - Starting attempt 1 of 3
[2024-12-05T07:56:55.831+0000] {taskinstance.py:2889} INFO - Executing <Task(SimpleHttpOperator): extract_weather_medan> on 2024-12-05 07:56:49.401423+00:00
[2024-12-05T07:56:55.844+0000] {warnings.py:112} WARNING - /home/***/.local/lib/python3.12/site-packages/***/task/task_runner/standard_task_runner.py:70: DeprecationWarning: This process (pid=74) is multi-threaded, use of fork() may lead to deadlocks in the child.
  pid = os.fork()

[2024-12-05T07:56:55.845+0000] {standard_task_runner.py:72} INFO - Started process 81 to run task
[2024-12-05T07:56:55.846+0000] {standard_task_runner.py:104} INFO - Running: ['***', 'tasks', 'run', 'openweathermap_weather_dag', 'extract_weather_medan', 'manual__2024-12-05T07:56:49.401423+00:00', '--job-id', '133', '--raw', '--subdir', 'DAGS_FOLDER/dag_weather.py', '--cfg-path', '/tmp/tmprgefnwbk']
[2024-12-05T07:56:55.847+0000] {standard_task_runner.py:105} INFO - Job 133: Subtask extract_weather_medan
[2024-12-05T07:56:55.903+0000] {task_command.py:467} INFO - Running <TaskInstance: openweathermap_weather_dag.extract_weather_medan manual__2024-12-05T07:56:49.401423+00:00 [running]> on host 6498d60954a9
[2024-12-05T07:56:56.025+0000] {taskinstance.py:3132} INFO - Exporting env vars: AIRFLOW_CTX_DAG_OWNER='***' AIRFLOW_CTX_DAG_ID='openweathermap_weather_dag' AIRFLOW_CTX_TASK_ID='extract_weather_medan' AIRFLOW_CTX_EXECUTION_DATE='2024-12-05T07:56:49.401423+00:00' AIRFLOW_CTX_TRY_NUMBER='1' AIRFLOW_CTX_DAG_RUN_ID='manual__2024-12-05T07:56:49.401423+00:00'
[2024-12-05T07:56:56.027+0000] {logging_mixin.py:190} INFO - Task instance is in running state
[2024-12-05T07:56:56.027+0000] {logging_mixin.py:190} INFO -  Previous state of the Task instance: queued
[2024-12-05T07:56:56.027+0000] {logging_mixin.py:190} INFO - Current task name:extract_weather_medan state:running start_date:2024-12-05 07:56:55.785011+00:00
[2024-12-05T07:56:56.027+0000] {logging_mixin.py:190} INFO - Dag name:openweathermap_weather_dag and current dag run status:running
[2024-12-05T07:56:56.028+0000] {taskinstance.py:731} INFO - ::endgroup::
[2024-12-05T07:56:56.028+0000] {http.py:173} INFO - Calling HTTP method
[2024-12-05T07:56:56.038+0000] {base.py:84} INFO - Retrieving connection 'openweathermap_api'
[2024-12-05T07:56:56.045+0000] {base.py:84} INFO - Retrieving connection 'openweathermap_api'
[2024-12-05T07:56:56.961+0000] {http.py:222} INFO - {"coord":{"lon":98.6667,"lat":3.5833},"weather":[{"id":802,"main":"Clouds","description":"scattered clouds","icon":"03d"}],"base":"stations","main":{"temp":31.02,"feels_like":37.65,"temp_min":31.02,"temp_max":31.02,"pressure":1005,"humidity":70,"sea_level":1005,"grnd_level":1000},"visibility":10000,"wind":{"speed":2.57,"deg":360},"clouds":{"all":40},"dt":1733385046,"sys":{"type":1,"id":9412,"country":"ID","sunrise":1733354308,"sunset":1733397230},"timezone":25200,"id":1214520,"name":"Medan","cod":200}
[2024-12-05T07:56:57.003+0000] {taskinstance.py:340} INFO - ::group::Post task execution logs
[2024-12-05T07:56:57.004+0000] {taskinstance.py:352} INFO - Marking task as SUCCESS. dag_id=openweathermap_weather_dag, task_id=extract_weather_medan, run_id=manual__2024-12-05T07:56:49.401423+00:00, execution_date=20241205T075649, start_date=20241205T075655, end_date=20241205T075657
[2024-12-05T07:56:57.023+0000] {logging_mixin.py:190} INFO - Task instance in success state
[2024-12-05T07:56:57.023+0000] {logging_mixin.py:190} INFO -  Previous state of the Task instance: running
[2024-12-05T07:56:57.024+0000] {logging_mixin.py:190} INFO - Dag name:openweathermap_weather_dag queued_at:2024-12-05 07:56:49.430138+00:00
[2024-12-05T07:56:57.025+0000] {logging_mixin.py:190} INFO - Task hostname:6498d60954a9 operator:SimpleHttpOperator
[2024-12-05T07:56:57.063+0000] {local_task_job_runner.py:266} INFO - Task exited with return code 0
[2024-12-05T07:56:57.102+0000] {taskinstance.py:3895} INFO - 0 downstream tasks scheduled from follow-on schedule check
[2024-12-05T07:56:57.104+0000] {local_task_job_runner.py:245} INFO - ::endgroup::
