[2024-12-05T07:56:55.978+0000] {local_task_job_runner.py:123} INFO - ::group::Pre task execution logs
[2024-12-05T07:56:56.192+0000] {taskinstance.py:2613} INFO - Dependencies all met for dep_context=non-requeueable deps ti=<TaskInstance: openweathermap_weather_dag.extract_weather_jakarta manual__2024-12-05T07:56:49.401423+00:00 [queued]>
[2024-12-05T07:56:56.205+0000] {taskinstance.py:2613} INFO - Dependencies all met for dep_context=requeueable deps ti=<TaskInstance: openweathermap_weather_dag.extract_weather_jakarta manual__2024-12-05T07:56:49.401423+00:00 [queued]>
[2024-12-05T07:56:56.206+0000] {taskinstance.py:2866} INFO - Starting attempt 1 of 3
[2024-12-05T07:56:56.221+0000] {taskinstance.py:2889} INFO - Executing <Task(SimpleHttpOperator): extract_weather_jakarta> on 2024-12-05 07:56:49.401423+00:00
[2024-12-05T07:56:56.232+0000] {warnings.py:112} WARNING - /home/***/.local/lib/python3.12/site-packages/***/task/task_runner/standard_task_runner.py:70: DeprecationWarning: This process (pid=72) is multi-threaded, use of fork() may lead to deadlocks in the child.
  pid = os.fork()

[2024-12-05T07:56:56.233+0000] {standard_task_runner.py:72} INFO - Started process 89 to run task
[2024-12-05T07:56:56.235+0000] {standard_task_runner.py:104} INFO - Running: ['***', 'tasks', 'run', 'openweathermap_weather_dag', 'extract_weather_jakarta', 'manual__2024-12-05T07:56:49.401423+00:00', '--job-id', '136', '--raw', '--subdir', 'DAGS_FOLDER/dag_weather.py', '--cfg-path', '/tmp/tmpng2mfzqn']
[2024-12-05T07:56:56.236+0000] {standard_task_runner.py:105} INFO - Job 136: Subtask extract_weather_jakarta
[2024-12-05T07:56:56.284+0000] {task_command.py:467} INFO - Running <TaskInstance: openweathermap_weather_dag.extract_weather_jakarta manual__2024-12-05T07:56:49.401423+00:00 [running]> on host 6498d60954a9
[2024-12-05T07:56:56.394+0000] {taskinstance.py:3132} INFO - Exporting env vars: AIRFLOW_CTX_DAG_OWNER='***' AIRFLOW_CTX_DAG_ID='openweathermap_weather_dag' AIRFLOW_CTX_TASK_ID='extract_weather_jakarta' AIRFLOW_CTX_EXECUTION_DATE='2024-12-05T07:56:49.401423+00:00' AIRFLOW_CTX_TRY_NUMBER='1' AIRFLOW_CTX_DAG_RUN_ID='manual__2024-12-05T07:56:49.401423+00:00'
[2024-12-05T07:56:56.396+0000] {logging_mixin.py:190} INFO - Task instance is in running state
[2024-12-05T07:56:56.396+0000] {logging_mixin.py:190} INFO -  Previous state of the Task instance: queued
[2024-12-05T07:56:56.396+0000] {logging_mixin.py:190} INFO - Current task name:extract_weather_jakarta state:running start_date:2024-12-05 07:56:56.193483+00:00
[2024-12-05T07:56:56.396+0000] {logging_mixin.py:190} INFO - Dag name:openweathermap_weather_dag and current dag run status:running
[2024-12-05T07:56:56.397+0000] {taskinstance.py:731} INFO - ::endgroup::
[2024-12-05T07:56:56.397+0000] {http.py:173} INFO - Calling HTTP method
[2024-12-05T07:56:56.407+0000] {base.py:84} INFO - Retrieving connection 'openweathermap_api'
[2024-12-05T07:56:56.418+0000] {base.py:84} INFO - Retrieving connection 'openweathermap_api'
[2024-12-05T07:56:57.214+0000] {http.py:222} INFO - {"coord":{"lon":106.8451,"lat":-6.2146},"weather":[{"id":802,"main":"Clouds","description":"scattered clouds","icon":"03d"}],"base":"stations","main":{"temp":30.95,"feels_like":37.17,"temp_min":30.05,"temp_max":31.63,"pressure":1005,"humidity":69,"sea_level":1005,"grnd_level":1001},"visibility":6000,"wind":{"speed":5.14,"deg":240},"clouds":{"all":40},"dt":1733384792,"sys":{"type":2,"id":2073276,"country":"ID","sunrise":1733351372,"sunset":1733396239},"timezone":25200,"id":1642911,"name":"Jakarta","cod":200}
[2024-12-05T07:56:57.263+0000] {taskinstance.py:340} INFO - ::group::Post task execution logs
[2024-12-05T07:56:57.264+0000] {taskinstance.py:352} INFO - Marking task as SUCCESS. dag_id=openweathermap_weather_dag, task_id=extract_weather_jakarta, run_id=manual__2024-12-05T07:56:49.401423+00:00, execution_date=20241205T075649, start_date=20241205T075656, end_date=20241205T075657
[2024-12-05T07:56:57.296+0000] {logging_mixin.py:190} INFO - Task instance in success state
[2024-12-05T07:56:57.296+0000] {logging_mixin.py:190} INFO -  Previous state of the Task instance: running
[2024-12-05T07:56:57.297+0000] {logging_mixin.py:190} INFO - Dag name:openweathermap_weather_dag queued_at:2024-12-05 07:56:49.430138+00:00
[2024-12-05T07:56:57.297+0000] {logging_mixin.py:190} INFO - Task hostname:6498d60954a9 operator:SimpleHttpOperator
[2024-12-05T07:56:57.332+0000] {local_task_job_runner.py:266} INFO - Task exited with return code 0
[2024-12-05T07:56:57.353+0000] {local_task_job_runner.py:245} INFO - ::endgroup::
