[2024-12-05T07:23:27.726+0000] {local_task_job_runner.py:123} INFO - ::group::Pre task execution logs
[2024-12-05T07:23:27.880+0000] {taskinstance.py:2613} INFO - Dependencies all met for dep_context=non-requeueable deps ti=<TaskInstance: openweathermap_weather_dag.extract_weather_jakarta manual__2024-12-05T07:23:22.548879+00:00 [queued]>
[2024-12-05T07:23:27.891+0000] {taskinstance.py:2613} INFO - Dependencies all met for dep_context=requeueable deps ti=<TaskInstance: openweathermap_weather_dag.extract_weather_jakarta manual__2024-12-05T07:23:22.548879+00:00 [queued]>
[2024-12-05T07:23:27.892+0000] {taskinstance.py:2866} INFO - Starting attempt 1 of 3
[2024-12-05T07:23:27.907+0000] {taskinstance.py:2889} INFO - Executing <Task(SimpleHttpOperator): extract_weather_jakarta> on 2024-12-05 07:23:22.548879+00:00
[2024-12-05T07:23:27.917+0000] {warnings.py:112} WARNING - /home/***/.local/lib/python3.12/site-packages/***/task/task_runner/standard_task_runner.py:70: DeprecationWarning: This process (pid=72) is multi-threaded, use of fork() may lead to deadlocks in the child.
  pid = os.fork()

[2024-12-05T07:23:27.919+0000] {standard_task_runner.py:72} INFO - Started process 89 to run task
[2024-12-05T07:23:27.919+0000] {standard_task_runner.py:104} INFO - Running: ['***', 'tasks', 'run', 'openweathermap_weather_dag', 'extract_weather_jakarta', 'manual__2024-12-05T07:23:22.548879+00:00', '--job-id', '98', '--raw', '--subdir', 'DAGS_FOLDER/dag_weather.py', '--cfg-path', '/tmp/tmphaqf3g3f']
[2024-12-05T07:23:27.920+0000] {standard_task_runner.py:105} INFO - Job 98: Subtask extract_weather_jakarta
[2024-12-05T07:23:27.968+0000] {task_command.py:467} INFO - Running <TaskInstance: openweathermap_weather_dag.extract_weather_jakarta manual__2024-12-05T07:23:22.548879+00:00 [running]> on host 1a65a97777f0
[2024-12-05T07:23:28.044+0000] {taskinstance.py:3132} INFO - Exporting env vars: AIRFLOW_CTX_DAG_OWNER='***' AIRFLOW_CTX_DAG_ID='openweathermap_weather_dag' AIRFLOW_CTX_TASK_ID='extract_weather_jakarta' AIRFLOW_CTX_EXECUTION_DATE='2024-12-05T07:23:22.548879+00:00' AIRFLOW_CTX_TRY_NUMBER='1' AIRFLOW_CTX_DAG_RUN_ID='manual__2024-12-05T07:23:22.548879+00:00'
[2024-12-05T07:23:28.045+0000] {logging_mixin.py:190} INFO - Task instance is in running state
[2024-12-05T07:23:28.045+0000] {logging_mixin.py:190} INFO -  Previous state of the Task instance: queued
[2024-12-05T07:23:28.045+0000] {logging_mixin.py:190} INFO - Current task name:extract_weather_jakarta state:running start_date:2024-12-05 07:23:27.880974+00:00
[2024-12-05T07:23:28.045+0000] {logging_mixin.py:190} INFO - Dag name:openweathermap_weather_dag and current dag run status:running
[2024-12-05T07:23:28.045+0000] {taskinstance.py:731} INFO - ::endgroup::
[2024-12-05T07:23:28.045+0000] {http.py:173} INFO - Calling HTTP method
[2024-12-05T07:23:28.052+0000] {base.py:84} INFO - Retrieving connection 'openweathermap_api'
[2024-12-05T07:23:28.057+0000] {base.py:84} INFO - Retrieving connection 'openweathermap_api'
[2024-12-05T07:23:28.787+0000] {http.py:222} INFO - {"coord":{"lon":106.8451,"lat":-6.2146},"weather":[{"id":802,"main":"Clouds","description":"scattered clouds","icon":"03d"}],"base":"stations","main":{"temp":30.94,"feels_like":37.14,"temp_min":30.05,"temp_max":31.63,"pressure":1005,"humidity":69,"sea_level":1005,"grnd_level":1002},"visibility":6000,"wind":{"speed":5.14,"deg":230},"clouds":{"all":40},"dt":1733383256,"sys":{"type":2,"id":2073276,"country":"ID","sunrise":1733351372,"sunset":1733396239},"timezone":25200,"id":1642911,"name":"Jakarta","cod":200}
[2024-12-05T07:23:28.807+0000] {taskinstance.py:340} INFO - ::group::Post task execution logs
[2024-12-05T07:23:28.807+0000] {taskinstance.py:352} INFO - Marking task as SUCCESS. dag_id=openweathermap_weather_dag, task_id=extract_weather_jakarta, run_id=manual__2024-12-05T07:23:22.548879+00:00, execution_date=20241205T072322, start_date=20241205T072327, end_date=20241205T072328
[2024-12-05T07:23:28.828+0000] {logging_mixin.py:190} INFO - Task instance in success state
[2024-12-05T07:23:28.829+0000] {logging_mixin.py:190} INFO -  Previous state of the Task instance: running
[2024-12-05T07:23:28.829+0000] {logging_mixin.py:190} INFO - Dag name:openweathermap_weather_dag queued_at:2024-12-05 07:23:22.557725+00:00
[2024-12-05T07:23:28.829+0000] {logging_mixin.py:190} INFO - Task hostname:1a65a97777f0 operator:SimpleHttpOperator
[2024-12-05T07:23:28.858+0000] {local_task_job_runner.py:266} INFO - Task exited with return code 0
[2024-12-05T07:23:28.870+0000] {local_task_job_runner.py:245} INFO - ::endgroup::
