[2024-12-05T08:13:16.863+0000] {local_task_job_runner.py:123} INFO - ::group::Pre task execution logs
[2024-12-05T08:13:16.892+0000] {taskinstance.py:2613} INFO - Dependencies all met for dep_context=non-requeueable deps ti=<TaskInstance: openweathermap_weather_dag.extract_weather_jakarta manual__2024-12-05T08:13:09.377040+00:00 [queued]>
[2024-12-05T08:13:17.078+0000] {taskinstance.py:2613} INFO - Dependencies all met for dep_context=requeueable deps ti=<TaskInstance: openweathermap_weather_dag.extract_weather_jakarta manual__2024-12-05T08:13:09.377040+00:00 [queued]>
[2024-12-05T08:13:17.079+0000] {taskinstance.py:2866} INFO - Starting attempt 1 of 3
[2024-12-05T08:13:17.093+0000] {taskinstance.py:2889} INFO - Executing <Task(SimpleHttpOperator): extract_weather_jakarta> on 2024-12-05 08:13:09.377040+00:00
[2024-12-05T08:13:17.101+0000] {warnings.py:112} WARNING - /home/***/.local/lib/python3.12/site-packages/***/task/task_runner/standard_task_runner.py:70: DeprecationWarning: This process (pid=217) is multi-threaded, use of fork() may lead to deadlocks in the child.
  pid = os.fork()

[2024-12-05T08:13:17.102+0000] {standard_task_runner.py:72} INFO - Started process 230 to run task
[2024-12-05T08:13:17.103+0000] {standard_task_runner.py:104} INFO - Running: ['***', 'tasks', 'run', 'openweathermap_weather_dag', 'extract_weather_jakarta', 'manual__2024-12-05T08:13:09.377040+00:00', '--job-id', '148', '--raw', '--subdir', 'DAGS_FOLDER/dag_weather.py', '--cfg-path', '/tmp/tmpy1o92nr2']
[2024-12-05T08:13:17.104+0000] {standard_task_runner.py:105} INFO - Job 148: Subtask extract_weather_jakarta
[2024-12-05T08:13:17.151+0000] {task_command.py:467} INFO - Running <TaskInstance: openweathermap_weather_dag.extract_weather_jakarta manual__2024-12-05T08:13:09.377040+00:00 [running]> on host 96da24d672b1
[2024-12-05T08:13:17.259+0000] {taskinstance.py:3132} INFO - Exporting env vars: AIRFLOW_CTX_DAG_OWNER='***' AIRFLOW_CTX_DAG_ID='openweathermap_weather_dag' AIRFLOW_CTX_TASK_ID='extract_weather_jakarta' AIRFLOW_CTX_EXECUTION_DATE='2024-12-05T08:13:09.377040+00:00' AIRFLOW_CTX_TRY_NUMBER='1' AIRFLOW_CTX_DAG_RUN_ID='manual__2024-12-05T08:13:09.377040+00:00'
[2024-12-05T08:13:17.260+0000] {logging_mixin.py:190} INFO - Task instance is in running state
[2024-12-05T08:13:17.261+0000] {logging_mixin.py:190} INFO -  Previous state of the Task instance: queued
[2024-12-05T08:13:17.261+0000] {logging_mixin.py:190} INFO - Current task name:extract_weather_jakarta state:running start_date:2024-12-05 08:13:16.892751+00:00
[2024-12-05T08:13:17.261+0000] {logging_mixin.py:190} INFO - Dag name:openweathermap_weather_dag and current dag run status:running
[2024-12-05T08:13:17.262+0000] {taskinstance.py:731} INFO - ::endgroup::
[2024-12-05T08:13:17.262+0000] {http.py:173} INFO - Calling HTTP method
[2024-12-05T08:13:17.272+0000] {base.py:84} INFO - Retrieving connection 'openweathermap_api'
[2024-12-05T08:13:17.280+0000] {base.py:84} INFO - Retrieving connection 'openweathermap_api'
[2024-12-05T08:13:17.453+0000] {http.py:222} INFO - {"coord":{"lon":106.8451,"lat":-6.2146},"weather":[{"id":501,"main":"Rain","description":"moderate rain","icon":"10d"}],"base":"stations","main":{"temp":30.96,"feels_like":37.19,"temp_min":30.05,"temp_max":31.96,"pressure":1005,"humidity":69,"sea_level":1005,"grnd_level":1001},"visibility":6000,"wind":{"speed":5.14,"deg":240},"rain":{"1h":0.11},"clouds":{"all":40},"dt":1733386040,"sys":{"type":2,"id":2073276,"country":"ID","sunrise":1733351372,"sunset":1733396239},"timezone":25200,"id":1642911,"name":"Jakarta","cod":200}
[2024-12-05T08:13:17.481+0000] {taskinstance.py:340} INFO - ::group::Post task execution logs
[2024-12-05T08:13:17.481+0000] {taskinstance.py:352} INFO - Marking task as SUCCESS. dag_id=openweathermap_weather_dag, task_id=extract_weather_jakarta, run_id=manual__2024-12-05T08:13:09.377040+00:00, execution_date=20241205T081309, start_date=20241205T081316, end_date=20241205T081317
[2024-12-05T08:13:17.491+0000] {logging_mixin.py:190} INFO - Task instance in success state
[2024-12-05T08:13:17.491+0000] {logging_mixin.py:190} INFO -  Previous state of the Task instance: running
[2024-12-05T08:13:17.491+0000] {logging_mixin.py:190} INFO - Dag name:openweathermap_weather_dag queued_at:2024-12-05 08:13:09.407927+00:00
[2024-12-05T08:13:17.492+0000] {logging_mixin.py:190} INFO - Task hostname:96da24d672b1 operator:SimpleHttpOperator
[2024-12-05T08:13:17.517+0000] {local_task_job_runner.py:266} INFO - Task exited with return code 0
[2024-12-05T08:13:17.543+0000] {taskinstance.py:3895} INFO - 0 downstream tasks scheduled from follow-on schedule check
[2024-12-05T08:13:17.544+0000] {local_task_job_runner.py:245} INFO - ::endgroup::
